<?xml version="1.0" encoding="UTF-8"?>
<!-- Generated by org.testng.reporters.JUnitXMLReporter -->
<testsuite ignored="0" hostname="LTIN488249" failures="0" tests="10" name="Chrome Test" time="131.955" errors="0" timestamp="2024-06-07T13:58:08 IST">
  <testcase classname="TestCase.TC_001_UserDetailsTest" name="userVerification" time="11.863"/>
  <testcase classname="TestCase.TC_002_Validate3WeeksDetailsTest" name="ThreeWeeksVerification" time="31.039"/>
  <testcase classname="TestCase.TC_003_ValidateCurrentDateDetailsTest" name="verifyCurrentDateDetails" time="12.783"/>
  <testcase classname="TestCase.TC_004_ValidateAllSearchResultsTest" name="verifyApprovedStatusResult" time="5.542"/>
  <testcase classname="TestCase.TC_004_ValidateAllSearchResultsTest" name="verifyPendingStatusResult" time="6.458"/>
  <testcase classname="TestCase.TC_004_ValidateAllSearchResultsTest" name="verifyAlertSearchStatus" time="8.69"/>
  <testcase classname="TestCase.TC_004_ValidateAllSearchResultsTest" name="verifyAlertSearchStatus" time="8.72"/>
  <testcase classname="TestCase.TC_004_ValidateAllSearchResultsTest" name="verifyAlertSearchStatus" time="8.675"/>
  <testcase classname="TestCase.TC_004_ValidateAllSearchResultsTest" name="verifyAlertSearchStatus" time="8.648"/>
  <testcase classname="TestCase.TC_004_ValidateAllSearchResultsTest" name="verifyAlertSearchStatus" time="8.829"/>
</testsuite> <!-- Chrome Test -->
