<?xml version="1.0" encoding="UTF-8"?>
<!-- Generated by org.testng.reporters.JUnitXMLReporter -->
<testsuite ignored="0" hostname="LTIN488249" failures="0" tests="10" name="Edge Test" time="174.634" errors="0" timestamp="2024-06-06T14:07:35 IST">
  <testcase classname="TestCase.TC_001_UserDetailsTest" name="userVerification" time="7.858"/>
  <testcase classname="TestCase.TC_002_Validate3WeeksDetailsTest" name="ThreeWeeksVerification" time="65.12"/>
  <testcase classname="TestCase.TC_003_ValidateCurrentDateDetailsTest" name="verifyCurrentDateDetails" time="12.895"/>
  <testcase classname="TestCase.TC_004_ValidateAllSearchResultsTest" name="verifyApprovedStatusResult" time="5.801"/>
  <testcase classname="TestCase.TC_004_ValidateAllSearchResultsTest" name="verifyPendingStatusResult" time="6.655"/>
  <testcase classname="TestCase.TC_004_ValidateAllSearchResultsTest" name="verifyAlertSearchStatus" time="8.947"/>
  <testcase classname="TestCase.TC_004_ValidateAllSearchResultsTest" name="verifyAlertSearchStatus" time="8.914"/>
  <testcase classname="TestCase.TC_004_ValidateAllSearchResultsTest" name="verifyAlertSearchStatus" time="8.94"/>
  <testcase classname="TestCase.TC_004_ValidateAllSearchResultsTest" name="verifyAlertSearchStatus" time="8.889"/>
  <testcase classname="TestCase.TC_004_ValidateAllSearchResultsTest" name="verifyAlertSearchStatus" time="8.908"/>
</testsuite> <!-- Edge Test -->
